ERROR 2026-06-29 16:11:27,714 log 17976 18288 Internal Server Error: /employees/
Traceback (most recent call last):
  File "E:\Attendence\.venv\Lib\site-packages\django\core\handlers\exception.py", line 55, in inner
    response = get_response(request)
               ^^^^^^^^^^^^^^^^^^^^^
  File "E:\Attendence\.venv\Lib\site-packages\django\core\handlers\base.py", line 198, in _get_response
    response = wrapped_callback(request, *callback_args, **callback_kwargs)
               ^^^^^^^^^^^^^^^^^^^^^^^^^^^^^^^^^^^^^^^^^^^^^^^^^^^^^^^^^^^^
  File "E:\Attendence\.venv\Lib\site-packages\django\views\generic\base.py", line 106, in view
    return self.dispatch(request, *args, **kwargs)
           ^^^^^^^^^^^^^^^^^^^^^^^^^^^^^^^^^^^^^^^
  File "E:\Attendence\apps\core\mixins.py", line 18, in dispatch
    return redirect('dashboard:employee_dashboard')
           ^^^^^^^^^^^^^^^^^^^^^^^^^^^^^^^^^^^^^^^^
  File "E:\Attendence\.venv\Lib\site-packages\django\shortcuts.py", line 51, in redirect
    resolve_url(to, *args, **kwargs),
    ^^^^^^^^^^^^^^^^^^^^^^^^^^^^^^^^
  File "E:\Attendence\.venv\Lib\site-packages\django\shortcuts.py", line 184, in resolve_url
    return reverse(to, args=args, kwargs=kwargs)
           ^^^^^^^^^^^^^^^^^^^^^^^^^^^^^^^^^^^^^
  File "E:\Attendence\.venv\Lib\site-packages\django\urls\base.py", line 98, in reverse
    resolved_url = resolver._reverse_with_prefix(view, prefix, *args, **kwargs)
                   ^^^^^^^^^^^^^^^^^^^^^^^^^^^^^^^^^^^^^^^^^^^^^^^^^^^^^^^^^^^^
  File "E:\Attendence\.venv\Lib\site-packages\django\urls\resolvers.py", line 842, in _reverse_with_prefix
    raise NoReverseMatch(msg)
django.urls.exceptions.NoReverseMatch: Reverse for 'employee_dashboard' not found. 'employee_dashboard' is not a valid view function or pattern name.
INFO 2026-06-29 16:15:08,750 autoreload 18692 5808 Watching for file changes with StatReloader
INFO 2026-06-29 16:15:13,743 log 18692 4508 "GET / HTTP/1.1" 302 0
INFO 2026-06-29 16:15:13,752 log 18692 4508 "GET /dashboard/ HTTP/1.1" 302 0
INFO 2026-06-29 16:15:13,854 log 18692 4508 "GET /accounts/login/?next=/dashboard/ HTTP/1.1" 200 2729
INFO 2026-06-29 16:15:13,909 log 18692 18600 "GET /static/js/app.js HTTP/1.1" 200 7774
INFO 2026-06-29 16:15:13,911 log 18692 4508 "GET /static/css/style.css HTTP/1.1" 200 23871
WARNING 2026-06-29 16:15:15,513 log 18692 18600 Not Found: /favicon.ico
WARNING 2026-06-29 16:15:15,514 log 18692 18600 "GET /favicon.ico HTTP/1.1" 404 3434
INFO 2026-06-29 16:15:18,483 log 18692 18600 "POST /accounts/login/ HTTP/1.1" 200 3019
INFO 2026-06-29 16:15:20,567 log 18692 18600 "GET /accounts/password-reset/ HTTP/1.1" 200 2180
INFO 2026-06-29 16:15:22,433 log 18692 18600 "GET /accounts/login/ HTTP/1.1" 200 2729
INFO 2026-06-29 16:15:24,792 log 18692 18600 "POST /accounts/login/ HTTP/1.1" 200 3019
INFO 2026-06-29 16:16:18,448 autoreload 10644 10496 Watching for file changes with StatReloader
INFO 2026-06-29 16:16:23,104 log 10644 10552 "POST /accounts/login/ HTTP/1.1" 200 3019
INFO 2026-06-29 16:16:35,793 views 10644 10552 User 'admin' logged in from 127.0.0.1
INFO 2026-06-29 16:16:35,865 log 10644 10552 "POST /accounts/login/ HTTP/1.1" 302 0
INFO 2026-06-29 16:16:35,893 log 10644 10552 "GET /dashboard/ HTTP/1.1" 200 14408
INFO 2026-06-29 16:16:39,564 log 10644 10552 "GET /reports/admin/ HTTP/1.1" 200 12300
INFO 2026-06-29 16:16:41,304 log 10644 10552 "GET /reports/admin/?date_range=today HTTP/1.1" 200 12480
INFO 2026-06-29 16:16:42,294 log 10644 10552 "GET /employees/ HTTP/1.1" 200 9760
INFO 2026-06-29 16:16:48,012 log 10644 10552 "GET /employees/add/ HTTP/1.1" 200 13458
INFO 2026-06-29 16:17:02,569 log 10644 10552 "GET /employees/add/ HTTP/1.1" 200 13458
INFO 2026-06-29 16:17:04,174 log 10644 10552 "GET /employees/add/ HTTP/1.1" 200 13458
INFO 2026-06-29 16:17:04,718 log 10644 10552 "GET /employees/add/ HTTP/1.1" 200 13458
INFO 2026-06-29 16:17:05,181 log 10644 10552 "GET /employees/add/ HTTP/1.1" 200 13458
INFO 2026-06-29 16:17:07,017 log 10644 10552 "GET /employees/add/ HTTP/1.1" 200 13458
INFO 2026-06-29 16:17:07,913 log 10644 10552 "GET /dashboard/ HTTP/1.1" 200 13915
INFO 2026-06-29 16:17:09,144 log 10644 10552 "GET /reports/admin/ HTTP/1.1" 200 12300
INFO 2026-06-29 16:17:09,847 log 10644 10552 "GET /reports/admin/?date_range=today HTTP/1.1" 200 12480
INFO 2026-06-29 16:17:12,037 log 10644 10552 "GET /employees/ HTTP/1.1" 200 9760
INFO 2026-06-29 16:17:12,813 log 10644 10552 "GET /employees/add/ HTTP/1.1" 200 13458
INFO 2026-06-29 16:17:13,453 log 10644 10552 "GET /employees/departments/ HTTP/1.1" 200 9363
INFO 2026-06-29 16:17:14,638 log 10644 10552 "GET /employees/designations/ HTTP/1.1" 200 9531
INFO 2026-06-29 16:17:15,406 log 10644 10552 "GET /core/activity-log/ HTTP/1.1" 200 11754
INFO 2026-06-29 16:17:15,953 log 10644 10552 "GET /core/settings/ HTTP/1.1" 200 12010
INFO 2026-06-29 16:17:16,470 log 10644 10552 "GET /notifications/ HTTP/1.1" 200 8471
INFO 2026-06-29 16:17:17,300 log 10644 10552 "GET /core/settings/ HTTP/1.1" 200 12010
INFO 2026-06-29 16:17:19,660 log 10644 10552 "GET /employees/ HTTP/1.1" 200 9760
INFO 2026-06-29 16:17:20,023 log 10644 10552 "GET /employees/add/ HTTP/1.1" 200 13458
INFO 2026-06-29 16:18:11,823 log 10644 10552 "GET /employees/departments/ HTTP/1.1" 200 9363
INFO 2026-06-29 16:18:13,491 log 10644 10552 "GET /employees/departments/add/ HTTP/1.1" 200 9654
INFO 2026-06-29 16:19:02,684 log 10644 10552 "POST /employees/departments/add/ HTTP/1.1" 302 0
INFO 2026-06-29 16:19:02,710 log 10644 10552 "GET /employees/departments/ HTTP/1.1" 200 11104
INFO 2026-06-29 16:19:02,730 log 10644 10552 "GET /static/css/style.css HTTP/1.1" 304 0
INFO 2026-06-29 16:19:02,730 log 10644 5100 "GET /static/js/app.js HTTP/1.1" 304 0
INFO 2026-06-29 16:19:04,824 log 10644 5100 "GET /employees/add/ HTTP/1.1" 200 13505
INFO 2026-06-29 16:19:12,007 log 10644 5100 "GET /employees/designations/ HTTP/1.1" 200 9599
INFO 2026-06-29 16:19:14,421 log 10644 5100 "GET /employees/designations/add/ HTTP/1.1" 200 9753
INFO 2026-06-29 16:19:56,454 log 10644 5100 "POST /employees/designations/add/ HTTP/1.1" 302 0
INFO 2026-06-29 16:19:56,477 log 10644 5100 "GET /employees/designations/ HTTP/1.1" 200 11198
INFO 2026-06-29 16:19:59,245 log 10644 5100 "GET /employees/departments/ HTTP/1.1" 200 10570
INFO 2026-06-29 16:20:00,862 log 10644 5100 "GET /employees/add/ HTTP/1.1" 200 13591
INFO 2026-06-29 16:20:53,700 log 10644 5100 "POST /employees/add/ HTTP/1.1" 302 0
INFO 2026-06-29 16:20:53,742 log 10644 5100 "GET /employees/ HTTP/1.1" 200 12628
INFO 2026-06-29 16:21:10,696 log 10644 5100 "GET /reports/admin/ HTTP/1.1" 200 12432
INFO 2026-06-29 16:21:12,040 log 10644 5100 "GET /reports/admin/?date_range=today HTTP/1.1" 200 12612
INFO 2026-06-29 16:21:15,237 log 10644 5100 "GET /employees/departments/ HTTP/1.1" 200 10570
INFO 2026-06-29 16:21:16,278 log 10644 5100 "GET /core/activity-log/ HTTP/1.1" 200 14247
INFO 2026-06-29 16:21:37,351 log 10644 5100 "GET /core/activity-log/?user=&action=LOGIN HTTP/1.1" 200 11893
INFO 2026-06-29 16:22:00,580 log 10644 16980 "GET /core/activity-log/?user=&action=LOGIN HTTP/1.1" 302 0
INFO 2026-06-29 16:22:00,587 log 10644 16980 "GET /accounts/login/?next=/core/activity-log/%3Fuser%3D%26action%3DLOGIN HTTP/1.1" 200 2729
INFO 2026-06-29 16:22:00,646 log 10644 18892 "GET /static/js/app.js HTTP/1.1" 200 7774
INFO 2026-06-29 16:22:00,655 log 10644 16980 "GET /static/css/style.css HTTP/1.1" 200 23871
WARNING 2026-06-29 16:22:02,122 log 10644 16980 Not Found: /favicon.ico
WARNING 2026-06-29 16:22:02,123 log 10644 16980 "GET /favicon.ico HTTP/1.1" 404 3434
INFO 2026-06-29 16:22:20,036 views 10644 16980 User 'deepak_singh' logged in from 127.0.0.1
INFO 2026-06-29 16:22:20,101 log 10644 16980 "POST /accounts/login/ HTTP/1.1" 302 0
INFO 2026-06-29 16:22:20,143 log 10644 16980 "GET /dashboard/ HTTP/1.1" 200 12901
INFO 2026-06-29 16:22:25,493 log 10644 16980 "GET /reports/submit/ HTTP/1.1" 200 9222
INFO 2026-06-29 16:22:34,701 log 10644 16980 "GET /reports/history/ HTTP/1.1" 200 10205
INFO 2026-06-29 16:22:35,582 log 10644 16980 "GET /notifications/ HTTP/1.1" 200 8576
INFO 2026-06-29 16:22:41,639 log 10644 16980 "GET /dashboard/ HTTP/1.1" 200 12274
INFO 2026-06-29 16:22:55,785 log 10644 16980 "GET /reports/submit/ HTTP/1.1" 200 9095
INFO 2026-06-29 16:22:59,510 log 10644 16980 "GET /reports/history/ HTTP/1.1" 200 10078
INFO 2026-06-29 16:23:01,717 log 10644 16980 "GET /reports/submit/ HTTP/1.1" 200 9095
INFO 2026-06-29 16:24:02,966 log 10644 5100 "GET /employees/add/ HTTP/1.1" 200 13591
INFO 2026-06-29 16:24:02,978 log 10644 5100 "GET /static/css/style.css HTTP/1.1" 304 0
INFO 2026-06-29 16:24:02,979 log 10644 5660 "GET /static/js/app.js HTTP/1.1" 304 0
INFO 2026-06-29 16:25:17,251 log 10644 16980 "POST /reports/submit/ HTTP/1.1" 302 0
INFO 2026-06-29 16:25:17,270 log 10644 16980 "GET /dashboard/ HTTP/1.1" 200 12463
INFO 2026-06-29 16:25:19,701 log 10644 16980 "GET /reports/1/ HTTP/1.1" 200 10321
INFO 2026-06-29 16:25:21,456 log 10644 16980 "GET /reports/history/ HTTP/1.1" 200 10699
INFO 2026-06-29 16:25:23,365 log 10644 16980 "GET /reports/1/ HTTP/1.1" 200 10321
INFO 2026-06-29 16:25:29,506 log 10644 5660 "GET /reports/admin/ HTTP/1.1" 200 14316
INFO 2026-06-29 16:25:37,219 log 10644 5660 "GET /reports/admin/1/ HTTP/1.1" 200 12398
INFO 2026-06-29 16:25:41,779 log 10644 5660 "GET /reports/admin/?date_range=today HTTP/1.1" 200 14496
INFO 2026-06-29 16:25:43,057 log 10644 5660 "GET /notifications/ HTTP/1.1" 200 9294
INFO 2026-06-29 16:25:50,939 log 10644 5660 "GET /reports/admin/ HTTP/1.1" 200 14189
INFO 2026-06-29 16:25:51,635 log 10644 5660 "GET /dashboard/ HTTP/1.1" 200 15270
INFO 2026-06-29 16:25:56,608 log 10644 5660 "GET /core/activity-log/ HTTP/1.1" 200 15938
INFO 2026-06-29 17:08:55,467 autoreload 10516 808 Watching for file changes with StatReloader
INFO 2026-06-29 17:08:57,155 log 10516 8664 "GET / HTTP/1.1" 302 0
INFO 2026-06-29 17:08:57,155 log 10516 8664 "GET /dashboard/ HTTP/1.1" 302 0
INFO 2026-06-29 17:08:57,167 log 10516 8664 "GET /accounts/login/?next=/dashboard/ HTTP/1.1" 200 2729
INFO 2026-06-29 17:08:57,262 log 10516 8664 "GET /static/css/style.css HTTP/1.1" 200 23871
INFO 2026-06-29 17:08:57,265 log 10516 17996 "GET /static/js/app.js HTTP/1.1" 200 7774
INFO 2026-06-29 17:09:03,501 log 10516 12512 "GET /accounts/login/?next=/dashboard/ HTTP/1.1" 200 2729
INFO 2026-06-29 17:09:03,528 log 10516 3352 "GET /static/js/app.js HTTP/1.1" 304 0
INFO 2026-06-29 17:09:03,528 log 10516 12512 "GET /static/css/style.css HTTP/1.1" 304 0
WARNING 2026-06-29 17:09:03,811 log 10516 12512 Not Found: /favicon.ico
WARNING 2026-06-29 17:09:03,811 log 10516 12512 "GET /favicon.ico HTTP/1.1" 404 3434
INFO 2026-06-29 17:09:06,375 views 10516 12512 User 'deepak_singh' logged in from 127.0.0.1
INFO 2026-06-29 17:09:06,439 log 10516 12512 "POST /accounts/login/ HTTP/1.1" 302 0
INFO 2026-06-29 17:09:06,533 log 10516 12512 "GET /dashboard/ HTTP/1.1" 200 12440
INFO 2026-06-29 17:09:08,461 log 10516 12512 "GET /reports/submit/ HTTP/1.1" 302 0
INFO 2026-06-29 17:09:08,474 log 10516 12512 "GET /reports/history/ HTTP/1.1" 200 11227
INFO 2026-06-29 17:09:11,086 log 10516 12512 "GET /reports/submit/ HTTP/1.1" 302 0
INFO 2026-06-29 17:09:11,100 log 10516 12512 "GET /reports/history/ HTTP/1.1" 200 11227
INFO 2026-06-29 17:09:12,532 log 10516 12512 "GET /reports/submit/ HTTP/1.1" 302 0
INFO 2026-06-29 17:09:12,543 log 10516 12512 "GET /reports/history/ HTTP/1.1" 200 11227
INFO 2026-06-29 17:09:13,067 log 10516 12512 "GET /reports/submit/ HTTP/1.1" 302 0
INFO 2026-06-29 17:09:13,078 log 10516 12512 "GET /reports/history/ HTTP/1.1" 200 11227
INFO 2026-06-29 17:09:13,609 log 10516 12512 "GET /reports/submit/ HTTP/1.1" 302 0
INFO 2026-06-29 17:09:13,624 log 10516 12512 "GET /reports/history/ HTTP/1.1" 200 11227
INFO 2026-06-29 17:09:14,723 log 10516 12512 "GET /reports/submit/ HTTP/1.1" 302 0
INFO 2026-06-29 17:09:14,735 log 10516 12512 "GET /reports/history/ HTTP/1.1" 200 11227
INFO 2026-06-29 17:09:15,379 log 10516 12512 "GET /reports/submit/ HTTP/1.1" 302 0
INFO 2026-06-29 17:09:15,390 log 10516 12512 "GET /reports/history/ HTTP/1.1" 200 11227
INFO 2026-06-29 17:09:27,463 log 10516 13260 "GET /accounts/login/?next=/dashboard/ HTTP/1.1" 200 2729
INFO 2026-06-29 17:09:27,482 log 10516 13260 "GET /static/css/style.css HTTP/1.1" 200 23871
INFO 2026-06-29 17:09:27,483 log 10516 19280 "GET /static/js/app.js HTTP/1.1" 200 7774
INFO 2026-06-29 17:09:31,149 log 10516 12512 "GET /reports/submit/ HTTP/1.1" 302 0
INFO 2026-06-29 17:09:31,161 log 10516 12512 "GET /reports/history/ HTTP/1.1" 200 11227
INFO 2026-06-29 17:09:31,921 log 10516 12512 "GET /reports/history/ HTTP/1.1" 200 10699
INFO 2026-06-29 17:09:33,429 log 10516 12512 "GET /reports/1/ HTTP/1.1" 200 10321
INFO 2026-06-29 17:09:52,412 log 10516 19280 "POST /accounts/login/ HTTP/1.1" 200 3020
INFO 2026-06-29 17:09:59,825 log 10516 19280 "POST /accounts/login/ HTTP/1.1" 200 3020
INFO 2026-06-29 17:10:11,836 log 10516 19280 "POST /accounts/login/ HTTP/1.1" 200 3020
INFO 2026-06-29 17:10:21,766 log 10516 19280 "POST /accounts/login/ HTTP/1.1" 200 3020
INFO 2026-06-29 17:12:00,139 autoreload 2440 10988 Watching for file changes with StatReloader
INFO 2026-06-29 17:12:09,198 views 2440 10496 User 'dird' logged in from 127.0.0.1
INFO 2026-06-29 17:12:09,275 log 2440 10496 "POST /accounts/login/ HTTP/1.1" 302 0
INFO 2026-06-29 17:12:09,338 log 2440 10496 "GET /dashboard/ HTTP/1.1" 200 15746
INFO 2026-06-29 17:12:17,926 log 2440 10496 "GET /employees/add/ HTTP/1.1" 200 13575
INFO 2026-06-29 17:12:20,489 log 2440 10496 "GET /employees/add/ HTTP/1.1" 200 13575
INFO 2026-06-29 17:12:25,483 log 2440 10496 "GET /employees/add/ HTTP/1.1" 200 13575
INFO 2026-06-29 17:12:27,463 log 2440 10496 "GET /reports/admin/ HTTP/1.1" 200 14173
INFO 2026-06-29 17:12:28,156 log 2440 10496 "GET /dashboard/ HTTP/1.1" 200 15254
INFO 2026-06-29 17:12:29,428 log 2440 10496 "GET /reports/admin/ HTTP/1.1" 200 14173
INFO 2026-06-29 17:12:32,740 log 2440 10496 "GET /reports/admin/1/ HTTP/1.1" 200 12255
INFO 2026-06-29 17:12:34,835 log 2440 10496 "GET /reports/admin/ HTTP/1.1" 200 14173
INFO 2026-06-29 17:12:52,727 log 2440 10496 "GET /reports/admin/?date_range=today HTTP/1.1" 200 14353
INFO 2026-06-29 17:12:54,933 log 2440 10496 "GET /reports/admin/?date_range=today HTTP/1.1" 200 14353
INFO 2026-06-29 17:13:00,285 log 2440 10496 "GET /reports/admin/?date_range=today HTTP/1.1" 200 14353
INFO 2026-06-29 17:13:01,542 log 2440 10496 "GET /dashboard/ HTTP/1.1" 200 15254
INFO 2026-06-29 17:13:09,184 log 2440 10496 "GET /reports/admin/1/ HTTP/1.1" 200 12255
INFO 2026-06-29 17:14:04,509 log 2440 10496 "GET /employees/ HTTP/1.1" 200 12084
INFO 2026-06-29 17:14:05,027 log 2440 10496 "GET /employees/add/ HTTP/1.1" 200 13575
INFO 2026-06-29 17:14:07,625 log 2440 10496 "GET /employees/designations/ HTTP/1.1" 200 10655
INFO 2026-06-29 17:14:10,635 log 2440 10496 "GET /core/activity-log/ HTTP/1.1" 200 17595
INFO 2026-06-29 17:14:19,786 log 2440 10496 "GET /core/settings/ HTTP/1.1" 200 11994
WARNING 2026-06-29 17:16:21,061 log 2440 10496 Forbidden (CSRF token from POST incorrect.): /accounts/login/
WARNING 2026-06-29 17:16:21,061 log 2440 10496 "POST /accounts/login/ HTTP/1.1" 403 2503
WARNING 2026-06-29 17:19:06,338 log 2440 10496 Forbidden (CSRF token from POST incorrect.): /accounts/login/
WARNING 2026-06-29 17:19:06,339 log 2440 10496 "POST /accounts/login/ HTTP/1.1" 403 2503
WARNING 2026-06-29 17:19:10,059 log 2440 10496 Forbidden (CSRF token from POST incorrect.): /accounts/login/
WARNING 2026-06-29 17:19:10,059 log 2440 10496 "POST /accounts/login/ HTTP/1.1" 403 2503
INFO 2026-06-30 11:04:36,735 autoreload 17656 11988 Watching for file changes with StatReloader
INFO 2026-06-30 11:04:40,279 log 17656 18820 "GET / HTTP/1.1" 302 0
INFO 2026-06-30 11:04:40,281 log 17656 18820 "GET /dashboard/ HTTP/1.1" 302 0
INFO 2026-06-30 11:04:40,378 log 17656 18820 "GET /accounts/login/?next=/dashboard/ HTTP/1.1" 200 2729
INFO 2026-06-30 11:04:40,425 log 17656 18640 "GET /static/js/app.js HTTP/1.1" 200 7774
INFO 2026-06-30 11:04:40,432 log 17656 18820 "GET /static/css/style.css HTTP/1.1" 200 23871
WARNING 2026-06-30 11:04:41,947 log 17656 18820 Not Found: /favicon.ico
WARNING 2026-06-30 11:04:41,947 log 17656 18820 "GET /favicon.ico HTTP/1.1" 404 3434
INFO 2026-06-30 11:04:52,735 log 17656 18820 "POST /accounts/login/ HTTP/1.1" 200 3020
INFO 2026-06-30 11:05:01,849 log 17656 18820 "POST /accounts/login/ HTTP/1.1" 200 3019
INFO 2026-06-30 11:05:07,306 log 17656 18820 "POST /accounts/login/ HTTP/1.1" 200 3019
INFO 2026-06-30 11:05:17,655 log 17656 13508 "GET / HTTP/1.1" 302 0
INFO 2026-06-30 11:05:17,658 log 17656 13508 "GET /dashboard/ HTTP/1.1" 302 0
INFO 2026-06-30 11:05:17,670 log 17656 13508 "GET /accounts/login/?next=/dashboard/ HTTP/1.1" 200 2729
WARNING 2026-06-30 11:05:17,842 log 17656 13508 Not Found: /favicon.ico
WARNING 2026-06-30 11:05:17,842 log 17656 13508 "GET /favicon.ico HTTP/1.1" 404 3434
INFO 2026-06-30 11:05:26,882 log 17656 13508 "POST /accounts/login/ HTTP/1.1" 200 3020
INFO 2026-06-30 11:05:27,927 log 17656 13508 "GET /accounts/password-reset/ HTTP/1.1" 200 2180
INFO 2026-06-30 11:05:51,529 log 17656 13508 "GET /accounts/login/ HTTP/1.1" 200 2729
INFO 2026-06-30 11:06:02,638 log 17656 15212 "GET / HTTP/1.1" 302 0
INFO 2026-06-30 11:06:02,643 log 17656 15212 "GET /dashboard/ HTTP/1.1" 302 0
INFO 2026-06-30 11:06:02,653 log 17656 15212 "GET /accounts/login/?next=/dashboard/ HTTP/1.1" 200 2729
INFO 2026-06-30 11:06:02,681 log 17656 15212 "GET /static/css/style.css HTTP/1.1" 304 0
INFO 2026-06-30 11:06:02,682 log 17656 6540 "GET /static/js/app.js HTTP/1.1" 304 0
WARNING 2026-06-30 11:06:02,767 log 17656 6540 Not Found: /favicon.ico
WARNING 2026-06-30 11:06:02,769 log 17656 6540 "GET /favicon.ico HTTP/1.1" 404 3434
INFO 2026-06-30 11:06:05,312 views 17656 6540 User 'deepak_singh' logged in from 127.0.0.1
INFO 2026-06-30 11:06:05,366 log 17656 6540 "POST /accounts/login/ HTTP/1.1" 302 0
INFO 2026-06-30 11:06:05,451 log 17656 6540 "GET /dashboard/ HTTP/1.1" 200 12711
INFO 2026-06-30 11:06:07,698 log 17656 6540 "GET /reports/submit/ HTTP/1.1" 200 13447
INFO 2026-06-30 11:06:18,472 log 17656 6540 "GET /dashboard/ HTTP/1.1" 200 12211
INFO 2026-06-30 11:06:23,427 log 17656 6540 "GET /reports/history/ HTTP/1.1" 200 10699
INFO 2026-06-30 11:06:25,694 log 17656 6540 "GET /reports/history/?keyword=&date_range= HTTP/1.1" 200 10699
INFO 2026-06-30 11:06:29,099 log 17656 6540 "GET /reports/history/?keyword=&date_range=yesterday HTTP/1.1" 200 10836
INFO 2026-06-30 11:07:21,537 log 17656 6540 "GET /reports/1/ HTTP/1.1" 200 10345
INFO 2026-06-30 11:07:24,735 log 17656 6540 "GET /reports/history/ HTTP/1.1" 200 10699
INFO 2026-06-30 11:07:37,761 log 17656 16728 "GET / HTTP/1.1" 302 0
INFO 2026-06-30 11:07:37,766 log 17656 16728 "GET /dashboard/ HTTP/1.1" 302 0
INFO 2026-06-30 11:07:37,775 log 17656 16728 "GET /accounts/login/?next=/dashboard/ HTTP/1.1" 200 2729
INFO 2026-06-30 11:07:37,791 log 17656 16728 "GET /static/css/style.css HTTP/1.1" 304 0
INFO 2026-06-30 11:07:37,798 log 17656 16728 "GET /static/js/app.js HTTP/1.1" 304 0
WARNING 2026-06-30 11:07:38,132 log 17656 16728 Not Found: /favicon.ico
WARNING 2026-06-30 11:07:38,132 log 17656 16728 "GET /favicon.ico HTTP/1.1" 404 3434
INFO 2026-06-30 11:07:46,029 views 17656 16728 User 'dird' logged in from 127.0.0.1
INFO 2026-06-30 11:07:46,079 log 17656 16728 "POST /accounts/login/ HTTP/1.1" 302 0
INFO 2026-06-30 11:07:46,165 log 17656 16728 "GET /dashboard/ HTTP/1.1" 200 16291
INFO 2026-06-30 11:07:49,790 log 17656 16728 "GET /reports/admin/activities/ HTTP/1.1" 200 9518
INFO 2026-06-30 11:07:50,598 log 17656 16728 "GET /reports/admin/ HTTP/1.1" 200 14345
INFO 2026-06-30 11:07:52,453 log 17656 16728 "GET /employees/add/ HTTP/1.1" 200 13747
INFO 2026-06-30 11:07:54,174 log 17656 16728 "GET /reports/admin/activities/ HTTP/1.1" 200 9518
INFO 2026-06-30 11:07:55,749 log 17656 16728 "GET /reports/admin/activities/add/ HTTP/1.1" 200 9913
INFO 2026-06-30 11:08:20,411 log 17656 16728 "POST /reports/admin/activities/add/ HTTP/1.1" 302 0
INFO 2026-06-30 11:08:20,440 log 17656 16728 "GET /reports/admin/activities/ HTTP/1.1" 200 11136
INFO 2026-06-30 11:08:27,850 log 17656 6540 "GET /reports/history/ HTTP/1.1" 200 10699
INFO 2026-06-30 11:08:28,460 log 17656 6540 "GET /reports/submit/ HTTP/1.1" 200 13573
INFO 2026-06-30 11:09:19,735 log 17656 6540 "POST /reports/submit/ HTTP/1.1" 302 0
INFO 2026-06-30 11:09:19,773 log 17656 6540 "GET /dashboard/ HTTP/1.1" 200 12980
INFO 2026-06-30 11:09:22,865 log 17656 6540 "GET /reports/2/ HTTP/1.1" 200 10079
INFO 2026-06-30 11:09:25,854 log 17656 6540 "GET /reports/history/ HTTP/1.1" 200 11557
INFO 2026-06-30 11:09:27,862 log 17656 6540 "GET /reports/1/ HTTP/1.1" 200 10345
INFO 2026-06-30 11:09:30,311 log 17656 6540 "GET /reports/history/ HTTP/1.1" 200 11557
INFO 2026-06-30 11:09:35,006 log 17656 6540 "GET /reports/2/ HTTP/1.1" 200 10079
INFO 2026-06-30 11:09:50,567 log 17656 16728 "GET /reports/admin/activities/ HTTP/1.1" 200 10743
INFO 2026-06-30 11:09:53,447 log 17656 16728 "GET /notifications/ HTTP/1.1" 200 9450
INFO 2026-06-30 11:09:57,386 log 17656 16728 "GET /reports/admin/2/ HTTP/1.1" 200 12185
WARNING 2026-06-30 11:10:11,699 log 17656 16728 Not Found: /.well-known/appspecific/com.chrome.devtools.json
WARNING 2026-06-30 11:10:11,699 log 17656 16728 "GET /.well-known/appspecific/com.chrome.devtools.json HTTP/1.1" 404 3545
INFO 2026-06-30 11:12:27,750 log 17656 16728 "GET /reports/admin/2/ HTTP/1.1" 200 12185
WARNING 2026-06-30 11:12:27,779 log 17656 16728 Not Found: /.well-known/appspecific/com.chrome.devtools.json
WARNING 2026-06-30 11:12:27,779 log 17656 16728 "GET /.well-known/appspecific/com.chrome.devtools.json HTTP/1.1" 404 3545
INFO 2026-06-30 11:19:19,247 log 17656 12392 "GET /reports/2/ HTTP/1.1" 200 10079
INFO 2026-06-30 11:19:20,283 log 17656 12392 "GET /reports/2/ HTTP/1.1" 200 10079
INFO 2026-06-30 11:19:20,536 log 17656 12392 "GET /reports/2/ HTTP/1.1" 200 10079
INFO 2026-06-30 11:19:20,733 log 17656 12392 "GET /reports/2/ HTTP/1.1" 200 10079
INFO 2026-06-30 11:19:20,900 log 17656 12392 "GET /reports/2/ HTTP/1.1" 200 10079
INFO 2026-06-30 11:19:29,083 log 17656 9040 "GET /reports/admin/2/ HTTP/1.1" 200 13878
WARNING 2026-06-30 11:19:29,216 log 17656 9040 Not Found: /.well-known/appspecific/com.chrome.devtools.json
WARNING 2026-06-30 11:19:29,217 log 17656 9040 "GET /.well-known/appspecific/com.chrome.devtools.json HTTP/1.1" 404 3545
INFO 2026-06-30 11:21:02,415 log 17656 12392 "GET /reports/2/ HTTP/1.1" 200 10079
INFO 2026-06-30 11:21:06,520 log 17656 9040 "GET /reports/admin/2/ HTTP/1.1" 200 12262
WARNING 2026-06-30 11:21:06,554 log 17656 9040 Not Found: /.well-known/appspecific/com.chrome.devtools.json
WARNING 2026-06-30 11:21:06,555 log 17656 9040 "GET /.well-known/appspecific/com.chrome.devtools.json HTTP/1.1" 404 3545
INFO 2026-06-30 11:21:08,198 log 17656 9040 "GET /reports/admin/2/ HTTP/1.1" 200 12262
WARNING 2026-06-30 11:21:08,223 log 17656 9040 Not Found: /.well-known/appspecific/com.chrome.devtools.json
WARNING 2026-06-30 11:21:08,224 log 17656 9040 "GET /.well-known/appspecific/com.chrome.devtools.json HTTP/1.1" 404 3545
INFO 2026-06-30 11:21:09,066 log 17656 9040 "GET /reports/admin/2/ HTTP/1.1" 200 12262
WARNING 2026-06-30 11:21:09,095 log 17656 9040 Not Found: /.well-known/appspecific/com.chrome.devtools.json
WARNING 2026-06-30 11:21:09,095 log 17656 9040 "GET /.well-known/appspecific/com.chrome.devtools.json HTTP/1.1" 404 3545
INFO 2026-06-30 11:21:13,455 log 17656 12392 "GET /reports/2/ HTTP/1.1" 200 10079
INFO 2026-06-30 11:21:15,535 log 17656 9040 "GET /reports/admin/2/ HTTP/1.1" 200 12262
WARNING 2026-06-30 11:21:15,581 log 17656 9040 Not Found: /.well-known/appspecific/com.chrome.devtools.json
WARNING 2026-06-30 11:21:15,582 log 17656 9040 "GET /.well-known/appspecific/com.chrome.devtools.json HTTP/1.1" 404 3545
INFO 2026-06-30 11:21:38,164 log 17656 12392 "GET /reports/2/ HTTP/1.1" 200 10079
INFO 2026-06-30 11:21:39,180 log 17656 12392 "GET /reports/2/ HTTP/1.1" 200 10079
INFO 2026-06-30 11:21:39,390 log 17656 12392 "GET /reports/2/ HTTP/1.1" 200 10079
INFO 2026-06-30 11:21:41,873 log 17656 9040 "GET /reports/admin/2/ HTTP/1.1" 200 12280
WARNING 2026-06-30 11:21:41,896 log 17656 9040 Not Found: /.well-known/appspecific/com.chrome.devtools.json
WARNING 2026-06-30 11:21:41,897 log 17656 9040 "GET /.well-known/appspecific/com.chrome.devtools.json HTTP/1.1" 404 3545
INFO 2026-06-30 11:21:42,266 log 17656 9040 "GET /reports/admin/2/ HTTP/1.1" 200 12280
WARNING 2026-06-30 11:21:42,322 log 17656 9040 Not Found: /.well-known/appspecific/com.chrome.devtools.json
WARNING 2026-06-30 11:21:42,322 log 17656 9040 "GET /.well-known/appspecific/com.chrome.devtools.json HTTP/1.1" 404 3545
INFO 2026-06-30 11:21:42,683 log 17656 9040 "GET /reports/admin/2/ HTTP/1.1" 200 12280
WARNING 2026-06-30 11:21:42,726 log 17656 9040 Not Found: /.well-known/appspecific/com.chrome.devtools.json
WARNING 2026-06-30 11:21:42,726 log 17656 9040 "GET /.well-known/appspecific/com.chrome.devtools.json HTTP/1.1" 404 3545
INFO 2026-06-30 11:21:53,266 autoreload 6016 1016 Watching for file changes with StatReloader
INFO 2026-06-30 11:22:01,945 log 6016 12908 "GET /reports/admin/2/ HTTP/1.1" 200 12280
WARNING 2026-06-30 11:22:01,976 log 6016 12908 Not Found: /.well-known/appspecific/com.chrome.devtools.json
WARNING 2026-06-30 11:22:01,977 log 6016 12908 "GET /.well-known/appspecific/com.chrome.devtools.json HTTP/1.1" 404 3545
INFO 2026-06-30 11:22:03,199 log 6016 12908 "GET /reports/admin/2/ HTTP/1.1" 200 12280
WARNING 2026-06-30 11:22:03,240 log 6016 12908 Not Found: /.well-known/appspecific/com.chrome.devtools.json
WARNING 2026-06-30 11:22:03,240 log 6016 12908 "GET /.well-known/appspecific/com.chrome.devtools.json HTTP/1.1" 404 3545
INFO 2026-06-30 11:22:05,179 log 6016 12908 "GET /reports/admin/activities/ HTTP/1.1" 200 10616
WARNING 2026-06-30 11:22:05,227 log 6016 12908 Not Found: /.well-known/appspecific/com.chrome.devtools.json
WARNING 2026-06-30 11:22:05,227 log 6016 12908 "GET /.well-known/appspecific/com.chrome.devtools.json HTTP/1.1" 404 3545
INFO 2026-06-30 11:22:07,347 log 6016 12908 "GET /reports/admin/ HTTP/1.1" 200 15892
WARNING 2026-06-30 11:22:07,592 log 6016 12908 Not Found: /.well-known/appspecific/com.chrome.devtools.json
WARNING 2026-06-30 11:22:07,593 log 6016 12908 "GET /.well-known/appspecific/com.chrome.devtools.json HTTP/1.1" 404 3545
INFO 2026-06-30 11:22:10,129 log 6016 12908 "GET /reports/admin/2/ HTTP/1.1" 200 12280
WARNING 2026-06-30 11:22:10,220 log 6016 12908 Not Found: /.well-known/appspecific/com.chrome.devtools.json
WARNING 2026-06-30 11:22:10,220 log 6016 12908 "GET /.well-known/appspecific/com.chrome.devtools.json HTTP/1.1" 404 3545
WARNING 2026-06-30 11:22:15,355 log 6016 12908 Not Found: /.well-known/appspecific/com.chrome.devtools.json
WARNING 2026-06-30 11:22:15,355 log 6016 12908 "GET /.well-known/appspecific/com.chrome.devtools.json HTTP/1.1" 404 3545
WARNING 2026-06-30 11:22:15,400 log 6016 12908 Not Found: /.well-known/appspecific/com.chrome.devtools.json
WARNING 2026-06-30 11:22:15,402 log 6016 12908 "GET /.well-known/appspecific/com.chrome.devtools.json HTTP/1.1" 404 3545
INFO 2026-06-30 11:22:16,590 log 6016 12908 "GET /reports/admin/1/ HTTP/1.1" 200 12511
WARNING 2026-06-30 11:22:16,705 log 6016 12908 Not Found: /.well-known/appspecific/com.chrome.devtools.json
WARNING 2026-06-30 11:22:16,706 log 6016 12908 "GET /.well-known/appspecific/com.chrome.devtools.json HTTP/1.1" 404 3545
WARNING 2026-06-30 11:22:18,810 log 6016 12908 Not Found: /.well-known/appspecific/com.chrome.devtools.json
WARNING 2026-06-30 11:22:18,810 log 6016 12908 "GET /.well-known/appspecific/com.chrome.devtools.json HTTP/1.1" 404 3545
WARNING 2026-06-30 11:22:18,838 log 6016 12908 Not Found: /.well-known/appspecific/com.chrome.devtools.json
WARNING 2026-06-30 11:22:18,840 log 6016 12908 "GET /.well-known/appspecific/com.chrome.devtools.json HTTP/1.1" 404 3545
INFO 2026-06-30 11:22:21,185 log 6016 12908 "GET /reports/admin/2/ HTTP/1.1" 200 12280
WARNING 2026-06-30 11:22:21,227 log 6016 12908 Not Found: /.well-known/appspecific/com.chrome.devtools.json
WARNING 2026-06-30 11:22:21,227 log 6016 12908 "GET /.well-known/appspecific/com.chrome.devtools.json HTTP/1.1" 404 3545
INFO 2026-06-30 12:11:08,451 log 6016 7752 "GET / HTTP/1.1" 302 0
INFO 2026-06-30 12:11:08,492 log 6016 7752 "GET /dashboard/ HTTP/1.1" 302 0
INFO 2026-06-30 12:11:08,559 log 6016 7752 "GET /accounts/login/?next=/dashboard/ HTTP/1.1" 200 2729
INFO 2026-06-30 12:11:08,635 log 6016 19008 "GET /static/js/app.js HTTP/1.1" 200 7774
INFO 2026-06-30 12:11:08,636 log 6016 7752 "GET /static/css/style.css HTTP/1.1" 200 23871
WARNING 2026-06-30 12:11:09,694 log 6016 19008 Not Found: /favicon.ico
WARNING 2026-06-30 12:11:09,694 log 6016 19008 "GET /favicon.ico HTTP/1.1" 404 3434
INFO 2026-06-30 12:11:15,386 log 6016 9956 "GET /reports/2/ HTTP/1.1" 200 10079
INFO 2026-06-30 12:11:16,218 log 6016 9956 "GET /reports/2/ HTTP/1.1" 200 10079
INFO 2026-06-30 12:11:16,407 log 6016 9956 "GET /reports/2/ HTTP/1.1" 200 10079
INFO 2026-06-30 12:11:16,568 log 6016 9956 "GET /reports/2/ HTTP/1.1" 200 10079
INFO 2026-06-30 12:11:16,751 log 6016 9956 "GET /reports/2/ HTTP/1.1" 200 10079
INFO 2026-06-30 12:11:16,923 log 6016 9956 "GET /reports/2/ HTTP/1.1" 200 10079
INFO 2026-06-30 12:11:18,513 log 6016 9956 "GET /dashboard/ HTTP/1.1" 200 12457
INFO 2026-06-30 12:11:21,688 log 6016 9956 "GET /reports/2/ HTTP/1.1" 200 10079
INFO 2026-06-30 12:11:23,070 log 6016 9956 "GET /dashboard/ HTTP/1.1" 200 12457
INFO 2026-06-30 12:13:39,159 autoreload 7312 18824 Watching for file changes with StatReloader
INFO 2026-06-30 12:13:42,851 log 7312 8728 "GET /dashboard/ HTTP/1.1" 200 12457
INFO 2026-06-30 12:13:43,618 log 7312 8728 "GET /dashboard/ HTTP/1.1" 200 12457
INFO 2026-06-30 12:13:43,789 log 7312 8728 "GET /dashboard/ HTTP/1.1" 200 12457
INFO 2026-06-30 12:13:43,944 log 7312 8728 "GET /dashboard/ HTTP/1.1" 200 12457
INFO 2026-06-30 12:13:44,961 log 7312 8728 "GET /reports/submit/ HTTP/1.1" 302 0
INFO 2026-06-30 12:13:44,967 log 7312 8728 "GET /reports/history/ HTTP/1.1" 200 12085
INFO 2026-06-30 12:13:47,510 log 7312 8728 "GET /reports/2/ HTTP/1.1" 200 10109
INFO 2026-06-30 12:13:56,800 log 7312 11652 "GET /reports/admin/2/ HTTP/1.1" 200 12280
INFO 2026-06-30 12:13:57,539 log 7312 11652 "GET /reports/admin/2/ HTTP/1.1" 200 12280
INFO 2026-06-30 12:13:57,850 log 7312 11652 "GET /reports/admin/2/ HTTP/1.1" 200 12280
INFO 2026-06-30 12:13:58,020 log 7312 11652 "GET /reports/admin/2/ HTTP/1.1" 200 12280
INFO 2026-06-30 12:13:58,614 log 7312 11652 "GET /reports/admin/2/ HTTP/1.1" 200 12280
INFO 2026-06-30 12:13:58,785 log 7312 11652 "GET /reports/admin/2/ HTTP/1.1" 200 12280
INFO 2026-06-30 12:13:58,935 log 7312 11652 "GET /reports/admin/2/ HTTP/1.1" 200 12280
INFO 2026-06-30 12:13:59,097 log 7312 11652 "GET /reports/admin/2/ HTTP/1.1" 200 12280
INFO 2026-06-30 12:13:59,258 log 7312 11652 "GET /reports/admin/2/ HTTP/1.1" 200 12280
INFO 2026-06-30 12:14:00,564 log 7312 11652 "GET /dashboard/ HTTP/1.1" 200 16603
INFO 2026-06-30 12:14:01,384 log 7312 11652 "GET /dashboard/ HTTP/1.1" 200 16603
INFO 2026-06-30 12:14:01,550 log 7312 11652 "GET /dashboard/ HTTP/1.1" 200 16603
INFO 2026-06-30 12:14:01,756 log 7312 11652 "GET /dashboard/ HTTP/1.1" 200 16603
INFO 2026-06-30 12:14:15,374 log 7312 11652 "GET /employees/ HTTP/1.1" 200 12256
INFO 2026-06-30 12:14:16,242 log 7312 11652 "GET /reports/admin/?date_range=today HTTP/1.1" 200 14523
INFO 2026-06-30 12:14:16,837 log 7312 11652 "GET /reports/admin/activities/ HTTP/1.1" 200 10616
INFO 2026-06-30 12:14:17,569 log 7312 11652 "GET /reports/admin/?date_range=today HTTP/1.1" 200 14523
INFO 2026-06-30 12:14:19,431 log 7312 11652 "GET /reports/admin/2/ HTTP/1.1" 200 12310
INFO 2026-06-30 12:14:36,103 log 7312 11652 "GET /reports/admin/2/ HTTP/1.1" 200 12310
INFO 2026-06-30 12:56:15,329 autoreload 10104 9484 Watching for file changes with StatReloader
INFO 2026-06-30 12:56:18,504 log 10104 7664 "GET /accounts/login/ HTTP/1.1" 200 2729
INFO 2026-06-30 12:56:18,515 log 10104 13244 "GET /static/js/app.js HTTP/1.1" 200 7774
INFO 2026-06-30 12:56:18,515 log 10104 7664 "GET /static/css/style.css HTTP/1.1" 200 23871
WARNING 2026-06-30 12:56:19,601 log 10104 13244 Not Found: /favicon.ico
WARNING 2026-06-30 12:56:19,602 log 10104 13244 "GET /favicon.ico HTTP/1.1" 404 3434
INFO 2026-06-30 14:16:35,983 log 10104 12104 "HEAD / HTTP/1.1" 302 0
INFO 2026-06-30 14:18:25,142 views 10104 11036 User 'deepak_singh' logged in from 127.0.0.1
INFO 2026-06-30 14:18:25,256 log 10104 11036 "POST /accounts/login/ HTTP/1.1" 302 0
INFO 2026-06-30 14:18:25,477 log 10104 11036 "GET /dashboard/ HTTP/1.1" 200 13017
INFO 2026-06-30 14:19:03,820 log 10104 11036 "GET /reports/3/ HTTP/1.1" 200 11558
INFO 2026-06-30 14:20:59,718 log 10104 11036 "GET /accounts/login/ HTTP/1.1" 302 0
INFO 2026-06-30 14:20:59,729 log 10104 11036 "GET /dashboard/ HTTP/1.1" 200 12517
WARNING 2026-06-30 14:21:59,809 log 10104 11036 Method Not Allowed (GET): /accounts/logout/
WARNING 2026-06-30 14:21:59,809 log 10104 11036 "GET /accounts/logout/ HTTP/1.1" 405 0
INFO 2026-06-30 14:22:22,791 log 10104 11036 "GET /dashboard/ HTTP/1.1" 200 12517
INFO 2026-06-30 14:24:40,502 log 10104 11036 "POST /accounts/logout/ HTTP/1.1" 302 0
INFO 2026-06-30 14:24:40,517 log 10104 11036 "GET /accounts/login/ HTTP/1.1" 200 2995
INFO 2026-06-30 14:25:18,214 views 10104 11036 User 'admin' logged in from 127.0.0.1
INFO 2026-06-30 14:25:18,283 log 10104 11036 "POST /accounts/login/ HTTP/1.1" 302 0
INFO 2026-06-30 14:25:18,344 log 10104 11036 "GET /dashboard/ HTTP/1.1" 200 17253
INFO 2026-06-30 14:25:58,837 log 10104 11036 "GET /reports/admin/3/ HTTP/1.1" 200 13083
INFO 2026-06-30 14:46:28,630 log 10104 8360 "GET /reports/admin/3/ HTTP/1.1" 200 13083
INFO 2026-06-30 15:04:33,960 log 10104 9376 "GET /reports/admin/3/ HTTP/1.1" 200 13087
INFO 2026-06-30 15:04:34,063 log 10104 6852 "GET /static/js/app.js HTTP/1.1" 304 0
INFO 2026-06-30 15:04:34,063 log 10104 9376 "GET /static/css/style.css?v=2 HTTP/1.1" 200 24750
INFO 2026-07-01 16:12:24,897 autoreload 7160 12412 Watching for file changes with StatReloader
INFO 2026-07-01 16:13:59,530 log 7160 9192 "GET / HTTP/1.1" 302 0
INFO 2026-07-01 16:13:59,530 log 7160 9192 "GET /dashboard/ HTTP/1.1" 302 0
INFO 2026-07-01 16:13:59,664 log 7160 9192 "GET /accounts/login/?next=/dashboard/ HTTP/1.1" 200 2729
INFO 2026-07-01 16:13:59,765 log 7160 3376 "GET /static/js/app.js HTTP/1.1" 200 7774
INFO 2026-07-01 16:13:59,772 log 7160 9192 "GET /static/css/style.css HTTP/1.1" 200 24750
WARNING 2026-07-01 16:14:01,376 log 7160 9192 Not Found: /favicon.ico
WARNING 2026-07-01 16:14:01,376 log 7160 9192 "GET /favicon.ico HTTP/1.1" 404 3438
INFO 2026-07-01 16:14:06,563 views 7160 9192 User 'dird' logged in from 192.168.1.158
INFO 2026-07-01 16:14:06,618 log 7160 9192 "POST /accounts/login/ HTTP/1.1" 302 0
INFO 2026-07-01 16:14:08,216 log 7160 9192 "GET /dashboard/ HTTP/1.1" 200 17490
INFO 2026-07-01 16:14:08,253 log 7160 9192 "GET /static/css/style.css?v=2 HTTP/1.1" 200 24750
INFO 2026-07-01 16:14:32,255 basehttp 7160 9192 - Broken pipe from ('192.168.1.158', 57331)
INFO 2026-07-01 16:14:32,255 basehttp 7160 3376 - Broken pipe from ('192.168.1.158', 57332)
INFO 2026-07-01 16:14:44,871 log 7160 19492 "GET /dashboard/ HTTP/1.1" 302 0
INFO 2026-07-01 16:14:44,876 log 7160 19492 "GET /accounts/login/?next=/dashboard/ HTTP/1.1" 200 2729
INFO 2026-07-01 16:14:44,943 log 7160 19492 "GET /static/css/style.css HTTP/1.1" 200 24750
INFO 2026-07-01 16:14:44,944 log 7160 12712 "GET /static/js/app.js HTTP/1.1" 200 7774
WARNING 2026-07-01 16:14:45,331 log 7160 12712 Not Found: /favicon.ico
WARNING 2026-07-01 16:14:45,331 log 7160 12712 "GET /favicon.ico HTTP/1.1" 404 3437
INFO 2026-07-01 16:14:50,287 views 7160 12712 User 'dird' logged in from 192.168.8.42
INFO 2026-07-01 16:14:50,364 log 7160 12712 "POST /accounts/login/ HTTP/1.1" 302 0
INFO 2026-07-01 16:14:50,402 log 7160 12712 "GET /dashboard/ HTTP/1.1" 200 17490
INFO 2026-07-01 16:14:50,426 log 7160 12712 "GET /static/css/style.css?v=2 HTTP/1.1" 200 24750
INFO 2026-07-01 16:14:57,157 log 7160 12712 "GET /notifications/ HTTP/1.1" 200 9454
WARNING 2026-07-01 16:14:59,704 log 7160 12712 Not Found: /reports/admin/2/
WARNING 2026-07-01 16:14:59,705 log 7160 12712 "GET /reports/admin/2/ HTTP/1.1" 404 4263
WARNING 2026-07-01 16:15:30,548 log 7160 12712 Not Found: /reports/admin/2/
WARNING 2026-07-01 16:15:30,548 log 7160 12712 "GET /reports/admin/2/ HTTP/1.1" 404 4263
WARNING 2026-07-01 16:15:38,110 log 7160 12712 Not Found: /reports/admin/2/
WARNING 2026-07-01 16:15:38,111 log 7160 12712 "GET /reports/admin/2/ HTTP/1.1" 404 4263
WARNING 2026-07-01 16:15:42,919 log 7160 12712 Not Found: /reports/admin/2/
WARNING 2026-07-01 16:15:42,920 log 7160 12712 "GET /reports/admin/2/ HTTP/1.1" 404 4263
INFO 2026-07-01 16:15:46,246 log 7160 12712 "GET /reports/admin/ HTTP/1.1" 200 15974
INFO 2026-07-01 16:15:48,964 log 7160 12712 "GET /reports/admin/3/ HTTP/1.1" 200 12944
INFO 2026-07-01 16:15:58,530 log 7160 12712 "GET /reports/admin/activities/ HTTP/1.1" 200 11586
INFO 2026-07-01 16:16:08,291 log 7160 12712 "GET /reports/admin/?date_range=today HTTP/1.1" 200 12835
INFO 2026-07-01 16:16:14,997 log 7160 12712 "GET /reports/admin/?keyword=&department=&employee=&date_range= HTTP/1.1" 200 16136
INFO 2026-07-01 16:16:18,633 log 7160 12712 "GET /reports/export/pdf/?keyword=&department=&employee=&date_range= HTTP/1.1" 200 1951
INFO 2026-07-01 16:16:34,435 log 7160 12712 "GET /reports/admin/activities/ HTTP/1.1" 200 11586
INFO 2026-07-01 16:16:36,713 log 7160 12712 "GET /employees/ HTTP/1.1" 200 12330
INFO 2026-07-01 16:16:40,183 log 7160 12712 "GET /employees/add/ HTTP/1.1" 200 13888
INFO 2026-07-01 16:17:03,824 log 7160 12712 "GET /accounts/change-password/ HTTP/1.1" 200 9690
INFO 2026-07-01 16:17:07,280 log 7160 12712 "GET /dashboard/ HTTP/1.1" 200 16998
INFO 2026-07-01 16:17:09,797 log 7160 12712 "GET /employees/departments/ HTTP/1.1" 200 11772
INFO 2026-07-01 16:17:11,146 log 7160 12712 "GET /employees/designations/ HTTP/1.1" 200 11821
INFO 2026-07-01 16:17:15,808 log 7160 12712 "GET /reports/admin/activities/ HTTP/1.1" 200 11586
INFO 2026-07-01 16:17:16,972 log 7160 12712 "GET /reports/admin/activities/add/ HTTP/1.1" 200 9917
INFO 2026-07-01 16:17:19,939 log 7160 12712 "GET /core/settings/ HTTP/1.1" 200 12170
INFO 2026-07-01 16:17:20,584 log 7160 12712 "GET /core/activity-log/ HTTP/1.1" 200 26107
INFO 2026-07-01 16:17:23,720 log 7160 12712 "GET /notifications/ HTTP/1.1" 200 9454
INFO 2026-07-01 16:17:24,450 log 7160 12712 "GET /core/settings/ HTTP/1.1" 200 12170
INFO 2026-07-01 16:17:38,998 log 7160 12712 "POST /core/settings/ HTTP/1.1" 302 0
INFO 2026-07-01 16:17:39,020 log 7160 12712 "GET /core/settings/ HTTP/1.1" 200 12663
INFO 2026-07-01 16:17:46,884 log 7160 12712 "GET /core/settings/ HTTP/1.1" 200 12152
INFO 2026-07-01 16:17:48,182 log 7160 12712 "GET /core/settings/ HTTP/1.1" 200 12152
INFO 2026-07-01 16:17:53,617 log 7160 12712 "GET /notifications/ HTTP/1.1" 200 9442
INFO 2026-07-01 16:17:55,349 log 7160 12712 "GET /reports/admin/ HTTP/1.1" 200 15962
INFO 2026-07-01 16:17:55,854 log 7160 12712 "GET /dashboard/ HTTP/1.1" 200 16986
INFO 2026-07-01 16:18:04,627 log 7160 12712 "GET /reports/admin/3/ HTTP/1.1" 200 12932
INFO 2026-07-15 11:43:25,209 autoreload 11140 1420 Watching for file changes with StatReloader
INFO 2026-07-15 11:43:33,203 log 11140 15108 "GET / HTTP/1.1" 302 0
INFO 2026-07-15 11:43:33,237 log 11140 15108 "GET /dashboard/ HTTP/1.1" 302 0
INFO 2026-07-15 11:43:33,733 log 11140 15108 "GET /accounts/login/?next=/dashboard/ HTTP/1.1" 200 2723
INFO 2026-07-15 11:43:33,867 log 11140 15108 "GET /static/css/style.css HTTP/1.1" 200 25605
INFO 2026-07-15 11:43:33,992 log 11140 23988 "GET /static/js/app.js HTTP/1.1" 200 7951
INFO 2026-07-15 11:43:52,452 log 11140 23988 "POST /accounts/login/ HTTP/1.1" 200 3014
INFO 2026-07-15 11:46:06,855 autoreload 24124 13864 Watching for file changes with StatReloader
INFO 2026-07-15 11:46:19,394 log 24124 22804 "GET / HTTP/1.1" 302 0
INFO 2026-07-15 11:46:19,396 log 24124 22804 "GET /dashboard/ HTTP/1.1" 302 0
INFO 2026-07-15 11:46:19,423 log 24124 22804 "GET /accounts/login/?next=/dashboard/ HTTP/1.1" 200 2723
INFO 2026-07-15 11:46:45,202 views 24124 22804 User 'user' logged in from 127.0.0.1
INFO 2026-07-15 11:46:45,280 log 24124 22804 "POST /accounts/login/ HTTP/1.1" 302 0
INFO 2026-07-15 11:46:45,635 log 24124 22804 "GET /dashboard/ HTTP/1.1" 200 17478
INFO 2026-07-15 11:46:45,656 log 24124 22804 "GET /static/css/style.css?v=2 HTTP/1.1" 200 25605
INFO 2026-07-15 11:46:48,917 log 24124 22804 "GET /employees/ HTTP/1.1" 200 12318
INFO 2026-07-15 11:46:57,838 log 24124 22804 "GET /admin/ HTTP/1.1" 200 12835
INFO 2026-07-15 11:46:57,864 log 24124 22804 "GET /static/admin/css/base.css HTTP/1.1" 304 0
INFO 2026-07-15 11:46:57,865 log 24124 21172 "GET /static/admin/css/dark_mode.css HTTP/1.1" 304 0
INFO 2026-07-15 11:46:57,865 log 24124 8348 "GET /static/admin/css/dashboard.css HTTP/1.1" 304 0
INFO 2026-07-15 11:46:57,865 log 24124 24828 "GET /static/admin/css/nav_sidebar.css HTTP/1.1" 304 0
INFO 2026-07-15 11:46:57,866 log 24124 22864 "GET /static/admin/css/responsive.css HTTP/1.1" 304 0
INFO 2026-07-15 11:46:57,866 log 24124 9624 "GET /static/admin/js/theme.js HTTP/1.1" 304 0
INFO 2026-07-15 11:46:57,869 log 24124 9624 "GET /static/admin/js/nav_sidebar.js HTTP/1.1" 304 0
INFO 2026-07-15 11:46:57,873 log 24124 24828 "GET /static/admin/img/icon-viewlink.svg HTTP/1.1" 304 0
INFO 2026-07-15 11:46:57,873 log 24124 22864 "GET /static/admin/img/icon-changelink.svg HTTP/1.1" 304 0
INFO 2026-07-15 11:46:57,873 log 24124 9624 "GET /static/admin/img/icon-addlink.svg HTTP/1.1" 304 0
INFO 2026-07-15 11:46:59,485 log 24124 9624 "GET /admin/auth/user/ HTTP/1.1" 200 18815
INFO 2026-07-15 11:46:59,506 log 24124 9624 "GET /static/admin/css/changelists.css HTTP/1.1" 304 0
INFO 2026-07-15 11:46:59,506 log 24124 8348 "GET /static/admin/js/jquery.init.js HTTP/1.1" 304 0
INFO 2026-07-15 11:46:59,507 log 24124 24828 "GET /static/admin/js/vendor/jquery/jquery.js HTTP/1.1" 304 0
INFO 2026-07-15 11:46:59,508 log 24124 22804 "GET /static/admin/js/admin/RelatedObjectLookups.js HTTP/1.1" 304 0
INFO 2026-07-15 11:46:59,510 log 24124 21172 "GET /static/admin/js/core.js HTTP/1.1" 304 0
INFO 2026-07-15 11:46:59,510 log 24124 9624 "GET /static/admin/js/actions.js HTTP/1.1" 304 0
INFO 2026-07-15 11:46:59,511 log 24124 8348 "GET /static/admin/js/urlify.js HTTP/1.1" 304 0
INFO 2026-07-15 11:46:59,511 log 24124 24828 "GET /static/admin/js/prepopulate.js HTTP/1.1" 304 0
INFO 2026-07-15 11:46:59,512 log 24124 22804 "GET /static/admin/js/vendor/xregexp/xregexp.js HTTP/1.1" 304 0
INFO 2026-07-15 11:46:59,521 log 24124 24828 "GET /static/admin/img/icon-yes.svg HTTP/1.1" 304 0
INFO 2026-07-15 11:46:59,521 log 24124 22804 "GET /static/admin/img/search.svg HTTP/1.1" 304 0
INFO 2026-07-15 11:46:59,533 log 24124 22804 "GET /static/admin/img/icon-no.svg HTTP/1.1" 200 645
INFO 2026-07-15 11:46:59,535 log 24124 22804 "GET /static/admin/js/filters.js HTTP/1.1" 304 0
INFO 2026-07-15 11:46:59,585 log 24124 22864 "GET /admin/jsi18n/ HTTP/1.1" 200 3342
INFO 2026-07-15 11:46:59,639 log 24124 22864 "GET /static/admin/img/tooltag-add.svg HTTP/1.1" 304 0
INFO 2026-07-15 11:46:59,641 log 24124 22864 "GET /static/admin/img/sorting-icons.svg HTTP/1.1" 304 0
INFO 2026-07-15 11:47:01,972 log 24124 22864 "GET /admin/auth/user/4/change/ HTTP/1.1" 200 30545
INFO 2026-07-15 11:47:01,987 log 24124 24828 "GET /static/admin/css/forms.css HTTP/1.1" 304 0
INFO 2026-07-15 11:47:01,992 log 24124 9624 "GET /admin/jsi18n/ HTTP/1.1" 200 3342
INFO 2026-07-15 11:47:01,992 log 24124 24828 "GET /static/admin/css/widgets.css HTTP/1.1" 304 0
INFO 2026-07-15 11:47:02,067 log 24124 21172 "GET /static/admin/js/SelectFilter2.js HTTP/1.1" 200 16428
INFO 2026-07-15 11:47:02,068 log 24124 8348 "GET /static/admin/js/SelectBox.js HTTP/1.1" 200 4530
INFO 2026-07-15 11:47:02,072 log 24124 8348 "GET /static/admin/js/prepopulate_init.js HTTP/1.1" 304 0
INFO 2026-07-15 11:47:02,078 log 24124 22864 "GET /static/admin/js/calendar.js HTTP/1.1" 200 9159
INFO 2026-07-15 11:47:02,079 log 24124 22804 "GET /static/admin/js/admin/DateTimeShortcuts.js HTTP/1.1" 200 19698
INFO 2026-07-15 11:47:02,081 log 24124 22864 "GET /static/admin/js/change_form.js HTTP/1.1" 304 0
INFO 2026-07-15 11:47:02,142 log 24124 8348 "GET /static/admin/img/icon-clock.svg HTTP/1.1" 200 805
INFO 2026-07-15 11:47:02,142 log 24124 22864 "GET /static/admin/img/selector-icons.svg HTTP/1.1" 200 2387
INFO 2026-07-15 11:47:02,156 log 24124 22804 "GET /static/admin/img/icon-calendar.svg HTTP/1.1" 200 1112
INFO 2026-07-15 11:47:04,186 log 24124 22804 "GET /admin/auth/ HTTP/1.1" 200 6037
INFO 2026-07-15 11:47:05,419 log 24124 22804 "GET /admin/auth/user/ HTTP/1.1" 200 18815
INFO 2026-07-15 11:47:05,437 log 24124 22804 "GET /admin/jsi18n/ HTTP/1.1" 200 3342
INFO 2026-07-15 11:47:12,457 log 24124 22804 "GET /admin/auth/group/ HTTP/1.1" 200 13361
INFO 2026-07-15 11:47:12,474 log 24124 22804 "GET /admin/jsi18n/ HTTP/1.1" 200 3342
INFO 2026-07-15 11:47:13,347 log 24124 22804 "GET /admin/ HTTP/1.1" 200 12835
INFO 2026-07-15 11:47:14,741 log 24124 22804 "GET /admin/core/companysettings/ HTTP/1.1" 200 13800
INFO 2026-07-15 11:47:16,017 log 24124 22804 "GET /admin/core/activitylog/ HTTP/1.1" 200 27236
INFO 2026-07-15 11:47:16,042 log 24124 22804 "GET /admin/jsi18n/ HTTP/1.1" 200 3342
INFO 2026-07-15 11:47:28,661 log 24124 22804 "GET /admin/notifications/notification/ HTTP/1.1" 200 19140
INFO 2026-07-15 11:47:28,675 log 24124 22804 "GET /admin/jsi18n/ HTTP/1.1" 200 3342
INFO 2026-07-15 11:47:39,658 log 24124 22804 "GET /admin/reports/dailyreport/ HTTP/1.1" 200 18927
INFO 2026-07-15 11:47:39,674 log 24124 22804 "GET /admin/jsi18n/ HTTP/1.1" 200 3342
INFO 2026-07-15 11:48:13,492 log 24124 22804 "GET /admin/ HTTP/1.1" 200 12835
INFO 2026-07-15 11:48:13,508 log 24124 22804 "GET /static/admin/css/base.css HTTP/1.1" 304 0
INFO 2026-07-15 11:48:13,509 log 24124 8348 "GET /static/admin/css/dark_mode.css HTTP/1.1" 304 0
INFO 2026-07-15 11:48:13,509 log 24124 21172 "GET /static/admin/css/nav_sidebar.css HTTP/1.1" 304 0
INFO 2026-07-15 11:48:13,509 log 24124 24828 "GET /static/admin/css/dashboard.css HTTP/1.1" 304 0
INFO 2026-07-15 11:48:13,509 log 24124 22864 "GET /static/admin/js/theme.js HTTP/1.1" 304 0
INFO 2026-07-15 11:48:13,510 log 24124 9624 "GET /static/admin/css/responsive.css HTTP/1.1" 304 0
INFO 2026-07-15 11:48:13,511 log 24124 9624 "GET /static/admin/js/nav_sidebar.js HTTP/1.1" 304 0
INFO 2026-07-15 11:48:14,986 log 24124 9624 "GET /admin/auth/group/ HTTP/1.1" 200 13361
INFO 2026-07-15 11:48:15,006 log 24124 8348 "GET /static/admin/js/admin/RelatedObjectLookups.js HTTP/1.1" 304 0
INFO 2026-07-15 11:48:15,006 log 24124 9624 "GET /static/admin/css/changelists.css HTTP/1.1" 304 0
INFO 2026-07-15 11:48:15,006 log 24124 22804 "GET /static/admin/js/actions.js HTTP/1.1" 304 0
INFO 2026-07-15 11:48:15,007 log 24124 21172 "GET /static/admin/js/core.js HTTP/1.1" 304 0
INFO 2026-07-15 11:48:15,008 log 24124 24828 "GET /static/admin/js/jquery.init.js HTTP/1.1" 304 0
INFO 2026-07-15 11:48:15,009 log 24124 8348 "GET /static/admin/js/urlify.js HTTP/1.1" 304 0
INFO 2026-07-15 11:48:15,010 log 24124 22804 "GET /static/admin/js/prepopulate.js HTTP/1.1" 304 0
INFO 2026-07-15 11:48:15,010 log 24124 22864 "GET /admin/jsi18n/ HTTP/1.1" 200 3342
INFO 2026-07-15 11:48:15,017 log 24124 22864 "GET /static/admin/img/search.svg HTTP/1.1" 304 0
INFO 2026-07-15 11:48:15,019 log 24124 22804 "GET /static/admin/js/filters.js HTTP/1.1" 304 0
INFO 2026-07-15 11:48:16,052 log 24124 22804 "GET /admin/auth/user/ HTTP/1.1" 200 18815
INFO 2026-07-15 11:48:16,072 log 24124 22804 "GET /admin/jsi18n/ HTTP/1.1" 200 3342
INFO 2026-07-15 11:48:16,738 log 24124 22804 "GET /admin/ HTTP/1.1" 200 12835
INFO 2026-07-15 11:48:18,781 log 24124 22804 "GET / HTTP/1.1" 302 0
INFO 2026-07-15 11:48:18,803 log 24124 22804 "GET /dashboard/ HTTP/1.1" 200 16986
INFO 2026-07-15 11:48:20,668 log 24124 22804 "GET /reports/admin/ HTTP/1.1" 200 15962
INFO 2026-07-15 11:48:21,407 log 24124 22804 "GET /reports/admin/activities/ HTTP/1.1" 200 11574
INFO 2026-07-15 11:48:22,285 log 24124 22804 "GET /reports/admin/?date_range=today HTTP/1.1" 200 12823
INFO 2026-07-15 11:48:27,959 log 24124 22804 "GET /reports/admin/activities/ HTTP/1.1" 200 11574
INFO 2026-07-15 11:48:47,545 log 24124 22232 "GET /reports/admin/activities/ HTTP/1.1" 302 0
INFO 2026-07-15 11:48:47,556 log 24124 22232 "GET /accounts/login/?next=/reports/admin/activities/ HTTP/1.1" 200 2723
INFO 2026-07-15 11:48:47,615 log 24124 10332 "GET /static/js/app.js HTTP/1.1" 200 7951
INFO 2026-07-15 11:48:47,616 log 24124 22232 "GET /static/css/style.css HTTP/1.1" 200 25605
WARNING 2026-07-15 11:48:48,328 log 24124 10332 Not Found: /favicon.ico
WARNING 2026-07-15 11:48:48,328 log 24124 10332 "GET /favicon.ico HTTP/1.1" 404 3434
INFO 2026-07-15 11:48:50,289 log 24124 10332 "POST /accounts/login/ HTTP/1.1" 200 3013
INFO 2026-07-15 11:49:23,384 log 24124 10332 "POST /accounts/login/ HTTP/1.1" 200 3013
INFO 2026-07-15 11:49:32,233 log 24124 10332 "POST /accounts/login/ HTTP/1.1" 200 3021
INFO 2026-07-15 11:49:38,706 log 24124 10332 "POST /accounts/login/ HTTP/1.1" 200 3021
INFO 2026-07-15 11:49:51,210 log 24124 22804 "GET /employees/ HTTP/1.1" 200 12318
INFO 2026-07-15 11:49:52,350 log 24124 22804 "GET /employees/add/ HTTP/1.1" 200 13876
INFO 2026-07-15 11:49:53,472 log 24124 22804 "GET /employees/departments/ HTTP/1.1" 200 11760
INFO 2026-07-15 11:49:54,873 log 24124 22804 "GET /employees/ HTTP/1.1" 200 12318
INFO 2026-07-15 11:49:58,502 log 24124 22804 "GET /employees/1/delete/ HTTP/1.1" 200 9631
INFO 2026-07-15 11:49:59,649 log 24124 22804 "POST /employees/1/delete/ HTTP/1.1" 302 0
INFO 2026-07-15 11:49:59,667 log 24124 22804 "GET /employees/ HTTP/1.1" 200 10567
INFO 2026-07-15 11:50:01,125 log 24124 22804 "GET /employees/add/ HTTP/1.1" 200 13876
INFO 2026-07-15 11:50:57,688 log 24124 22804 "POST /employees/add/ HTTP/1.1" 302 0
INFO 2026-07-15 11:50:57,711 log 24124 22804 "GET /employees/ HTTP/1.1" 200 12804
INFO 2026-07-15 11:51:41,475 log 24124 22804 "GET /admin/ HTTP/1.1" 200 12835
INFO 2026-07-15 11:51:41,504 log 24124 8348 "GET /static/admin/js/theme.js HTTP/1.1" 304 0
INFO 2026-07-15 11:51:41,504 log 24124 9624 "GET /static/admin/css/responsive.css HTTP/1.1" 304 0
INFO 2026-07-15 11:51:41,504 log 24124 22864 "GET /static/admin/css/dark_mode.css HTTP/1.1" 304 0
INFO 2026-07-15 11:51:41,504 log 24124 22804 "GET /static/admin/css/base.css HTTP/1.1" 304 0
INFO 2026-07-15 11:51:41,504 log 24124 21172 "GET /static/admin/css/dashboard.css HTTP/1.1" 304 0
INFO 2026-07-15 11:51:41,505 log 24124 24828 "GET /static/admin/css/nav_sidebar.css HTTP/1.1" 304 0
INFO 2026-07-15 11:51:41,507 log 24124 24828 "GET /static/admin/js/nav_sidebar.js HTTP/1.1" 304 0
INFO 2026-07-15 11:51:43,121 log 24124 24828 "GET /admin/auth/user/ HTTP/1.1" 200 18770
INFO 2026-07-15 11:51:43,138 log 24124 24828 "GET /static/admin/css/changelists.css HTTP/1.1" 304 0
INFO 2026-07-15 11:51:43,139 log 24124 22864 "GET /static/admin/js/jquery.init.js HTTP/1.1" 304 0
INFO 2026-07-15 11:51:43,139 log 24124 9624 "GET /static/admin/js/admin/RelatedObjectLookups.js HTTP/1.1" 304 0
INFO 2026-07-15 11:51:43,139 log 24124 22804 "GET /static/admin/js/core.js HTTP/1.1" 304 0
INFO 2026-07-15 11:51:43,141 log 24124 8348 "GET /static/admin/js/actions.js HTTP/1.1" 304 0
INFO 2026-07-15 11:51:43,141 log 24124 24828 "GET /static/admin/js/urlify.js HTTP/1.1" 304 0
INFO 2026-07-15 11:51:43,142 log 24124 22864 "GET /static/admin/js/prepopulate.js HTTP/1.1" 304 0
INFO 2026-07-15 11:51:43,143 log 24124 24828 "GET /static/admin/img/search.svg HTTP/1.1" 304 0
INFO 2026-07-15 11:51:43,144 log 24124 21172 "GET /admin/jsi18n/ HTTP/1.1" 200 3342
INFO 2026-07-15 11:51:43,145 log 24124 21172 "GET /static/admin/js/filters.js HTTP/1.1" 304 0
INFO 2026-07-15 11:51:58,267 log 24124 10332 "POST /accounts/login/ HTTP/1.1" 200 3010
INFO 2026-07-15 11:59:25,451 autoreload 20348 9268 Watching for file changes with StatReloader
INFO 2026-07-15 11:59:29,404 log 20348 1712 "GET /admin/auth/user/ HTTP/1.1" 302 0
INFO 2026-07-15 11:59:29,654 log 20348 1712 "GET /admin/login/?next=/admin/auth/user/ HTTP/1.1" 200 4097
INFO 2026-07-15 11:59:29,657 log 20348 1712 "GET /static/admin/css/base.css HTTP/1.1" 304 0
INFO 2026-07-15 11:59:29,670 log 20348 12608 "GET /static/admin/css/dark_mode.css HTTP/1.1" 304 0
INFO 2026-07-15 11:59:29,670 log 20348 8752 "GET /static/admin/css/responsive.css HTTP/1.1" 304 0
INFO 2026-07-15 11:59:29,670 log 20348 1712 "GET /static/admin/js/theme.js HTTP/1.1" 304 0
INFO 2026-07-15 11:59:29,670 log 20348 25408 "GET /static/admin/css/nav_sidebar.css HTTP/1.1" 304 0
INFO 2026-07-15 11:59:29,672 log 20348 25408 "GET /static/admin/js/nav_sidebar.js HTTP/1.1" 304 0
INFO 2026-07-15 11:59:29,680 log 20348 8520 "GET /static/admin/css/login.css HTTP/1.1" 200 951
INFO 2026-07-15 11:59:41,506 log 20348 8520 "POST /admin/login/?next=/admin/auth/user/ HTTP/1.1" 302 0
INFO 2026-07-15 11:59:41,838 log 20348 8520 "GET /admin/auth/user/ HTTP/1.1" 200 16986
INFO 2026-07-15 11:59:41,862 log 20348 8520 "GET /static/admin/css/changelists.css HTTP/1.1" 304 0
INFO 2026-07-15 11:59:41,862 log 20348 5660 "GET /static/admin/js/actions.js HTTP/1.1" 304 0
INFO 2026-07-15 11:59:41,863 log 20348 8752 "GET /static/admin/js/admin/RelatedObjectLookups.js HTTP/1.1" 304 0
INFO 2026-07-15 11:59:41,863 log 20348 12608 "GET /static/admin/js/jquery.init.js HTTP/1.1" 304 0
INFO 2026-07-15 11:59:41,863 log 20348 1712 "GET /static/admin/js/core.js HTTP/1.1" 304 0
INFO 2026-07-15 11:59:41,863 log 20348 5660 "GET /static/admin/js/prepopulate.js HTTP/1.1" 304 0
INFO 2026-07-15 11:59:41,863 log 20348 8520 "GET /static/admin/js/urlify.js HTTP/1.1" 304 0
INFO 2026-07-15 11:59:41,863 log 20348 8520 "GET /static/admin/img/search.svg HTTP/1.1" 304 0
INFO 2026-07-15 11:59:41,879 log 20348 25408 "GET /admin/jsi18n/ HTTP/1.1" 200 3342
INFO 2026-07-15 11:59:42,347 log 20348 25408 "GET /static/admin/js/filters.js HTTP/1.1" 304 0
INFO 2026-07-15 11:59:51,245 log 20348 25408 "GET / HTTP/1.1" 302 0
INFO 2026-07-15 11:59:51,288 log 20348 25408 "GET /dashboard/ HTTP/1.1" 200 14091
INFO 2026-07-15 11:59:54,512 log 20348 25408 "GET /reports/admin/ HTTP/1.1" 200 12476
INFO 2026-07-15 11:59:55,463 log 20348 25408 "GET /reports/admin/activities/ HTTP/1.1" 200 9538
INFO 2026-07-15 11:59:56,156 log 20348 25408 "GET /reports/admin/?date_range=today HTTP/1.1" 200 12656
INFO 2026-07-15 11:59:57,780 log 20348 25408 "GET /employees/ HTTP/1.1" 200 9936
INFO 2026-07-15 11:59:58,959 log 20348 25408 "GET /employees/add/ HTTP/1.1" 200 13634
INFO 2026-07-15 12:00:00,913 log 20348 25408 "GET /employees/add/ HTTP/1.1" 200 13634
INFO 2026-07-15 12:00:01,396 log 20348 25408 "GET /employees/departments/ HTTP/1.1" 200 9539
INFO 2026-07-15 12:00:02,890 log 20348 25408 "GET /employees/departments/add/ HTTP/1.1" 200 9830
INFO 2026-07-15 12:00:23,703 log 20348 25408 "POST /employees/departments/add/ HTTP/1.1" 302 0
INFO 2026-07-15 12:00:23,721 log 20348 25408 "GET /employees/departments/ HTTP/1.1" 200 11256
INFO 2026-07-15 12:00:25,874 log 20348 25408 "GET /employees/designations/ HTTP/1.1" 200 9763
INFO 2026-07-15 12:00:27,425 log 20348 25408 "GET /employees/designations/add/ HTTP/1.1" 200 9917
INFO 2026-07-15 12:00:42,357 log 20348 25408 "POST /employees/designations/add/ HTTP/1.1" 302 0
INFO 2026-07-15 12:00:42,378 log 20348 25408 "GET /employees/designations/ HTTP/1.1" 200 11338
INFO 2026-07-15 12:00:44,529 log 20348 25408 "GET /employees/departments/ HTTP/1.1" 200 10734
INFO 2026-07-15 12:01:01,455 log 20348 25408 "GET /employees/add/ HTTP/1.1" 200 13749
INFO 2026-07-15 12:01:02,225 log 20348 25408 "GET /employees/designations/ HTTP/1.1" 200 10817
INFO 2026-07-15 12:01:03,119 log 20348 25408 "GET /employees/departments/ HTTP/1.1" 200 10734
INFO 2026-07-15 12:01:03,754 log 20348 25408 "GET /employees/add/ HTTP/1.1" 200 13749
INFO 2026-07-15 12:01:06,415 log 20348 25408 "GET /employees/add/ HTTP/1.1" 200 13749
INFO 2026-07-15 12:01:53,542 log 20348 25408 "POST /employees/add/ HTTP/1.1" 302 0
INFO 2026-07-15 12:01:53,556 log 20348 25408 "GET /employees/ HTTP/1.1" 200 12746
INFO 2026-07-15 12:02:08,116 views 20348 6824 User 'a' logged in from 127.0.0.1
INFO 2026-07-15 12:02:08,187 log 20348 6824 "POST /accounts/login/ HTTP/1.1" 302 0
INFO 2026-07-15 12:02:08,248 log 20348 6824 "GET /dashboard/ HTTP/1.1" 200 12444
INFO 2026-07-15 12:02:08,323 log 20348 6824 "GET /static/css/style.css?v=2 HTTP/1.1" 200 25605
INFO 2026-07-15 12:02:10,404 log 20348 6824 "GET /reports/history/ HTTP/1.1" 200 10186
INFO 2026-07-15 12:02:11,342 log 20348 6824 "GET /reports/submit/ HTTP/1.1" 200 13557
INFO 2026-07-15 12:02:20,577 log 20348 25408 "GET /reports/admin/activities/ HTTP/1.1" 200 9538
INFO 2026-07-15 12:02:21,496 log 20348 25408 "GET /reports/admin/ HTTP/1.1" 200 12587
INFO 2026-07-15 12:02:25,713 log 20348 25408 "GET /reports/admin/activities/ HTTP/1.1" 200 9538
INFO 2026-07-15 12:02:27,259 log 20348 25408 "GET /reports/admin/activities/add/ HTTP/1.1" 200 9933
INFO 2026-07-15 12:02:32,703 log 20348 25408 "POST /reports/admin/activities/add/ HTTP/1.1" 302 0
INFO 2026-07-15 12:02:32,719 log 20348 25408 "GET /reports/admin/activities/ HTTP/1.1" 200 11130
INFO 2026-07-15 12:02:36,690 log 20348 6824 "GET /reports/submit/ HTTP/1.1" 200 13681
INFO 2026-07-15 12:03:17,286 log 20348 6824 "POST /reports/submit/ HTTP/1.1" 302 0
INFO 2026-07-15 12:03:17,304 log 20348 6824 "GET /dashboard/ HTTP/1.1" 200 12511
INFO 2026-07-15 12:03:22,070 log 20348 6824 "GET /notifications/ HTTP/1.1" 200 8548
INFO 2026-07-15 12:03:27,609 log 20348 25408 "GET /reports/admin/activities/ HTTP/1.1" 200 10738
INFO 2026-07-15 12:03:29,389 log 20348 25408 "GET /notifications/ HTTP/1.1" 200 9461
INFO 2026-07-15 12:03:43,229 log 20348 25408 "GET /employees/ HTTP/1.1" 200 12227
INFO 2026-07-15 12:03:45,550 log 20348 25408 "GET /reports/admin/activities/ HTTP/1.1" 200 10611
INFO 2026-07-15 12:03:46,205 log 20348 25408 "GET /reports/admin/ HTTP/1.1" 200 14320
INFO 2026-07-15 12:03:47,682 log 20348 25408 "GET /reports/admin/1/ HTTP/1.1" 200 12246
ERROR 2026-07-15 12:03:49,519 log 20348 25408 Internal Server Error: /reports/admin/1/edit/
Traceback (most recent call last):
  File "E:\Attendence\v2-30-06-2026\copy  form server v2\production\.venv\Lib\site-packages\django\core\handlers\exception.py", line 55, in inner
    response = get_response(request)
               ^^^^^^^^^^^^^^^^^^^^^
  File "E:\Attendence\v2-30-06-2026\copy  form server v2\production\.venv\Lib\site-packages\django\core\handlers\base.py", line 221, in _get_response
    response = response.render()
               ^^^^^^^^^^^^^^^^^
  File "E:\Attendence\v2-30-06-2026\copy  form server v2\production\.venv\Lib\site-packages\django\template\response.py", line 114, in render
    self.content = self.rendered_content
                   ^^^^^^^^^^^^^^^^^^^^^
  File "E:\Attendence\v2-30-06-2026\copy  form server v2\production\.venv\Lib\site-packages\django\template\response.py", line 92, in rendered_content
    return template.render(context, self._request)
           ^^^^^^^^^^^^^^^^^^^^^^^^^^^^^^^^^^^^^^^
  File "E:\Attendence\v2-30-06-2026\copy  form server v2\production\.venv\Lib\site-packages\django\template\backends\django.py", line 107, in render
    return self.template.render(context)
           ^^^^^^^^^^^^^^^^^^^^^^^^^^^^^
  File "E:\Attendence\v2-30-06-2026\copy  form server v2\production\.venv\Lib\site-packages\django\template\base.py", line 174, in render
    return self._render(context)
           ^^^^^^^^^^^^^^^^^^^^^
  File "E:\Attendence\v2-30-06-2026\copy  form server v2\production\.venv\Lib\site-packages\django\template\base.py", line 166, in _render
    return self.nodelist.render(context)
           ^^^^^^^^^^^^^^^^^^^^^^^^^^^^^
  File "E:\Attendence\v2-30-06-2026\copy  form server v2\production\.venv\Lib\site-packages\django\template\base.py", line 1091, in render
    return SafeString("".join([node.render_annotated(context) for node in self]))
                               ^^^^^^^^^^^^^^^^^^^^^^^^^^^^^^
  File "E:\Attendence\v2-30-06-2026\copy  form server v2\production\.venv\Lib\site-packages\django\template\base.py", line 1052, in render_annotated
    return self.render(context)
           ^^^^^^^^^^^^^^^^^^^^
  File "E:\Attendence\v2-30-06-2026\copy  form server v2\production\.venv\Lib\site-packages\django\template\loader_tags.py", line 160, in render
    return compiled_parent._render(context)
           ^^^^^^^^^^^^^^^^^^^^^^^^^^^^^^^^
  File "E:\Attendence\v2-30-06-2026\copy  form server v2\production\.venv\Lib\site-packages\django\template\base.py", line 166, in _render
    return self.nodelist.render(context)
           ^^^^^^^^^^^^^^^^^^^^^^^^^^^^^
  File "E:\Attendence\v2-30-06-2026\copy  form server v2\production\.venv\Lib\site-packages\django\template\base.py", line 1091, in render
    return SafeString("".join([node.render_annotated(context) for node in self]))
                               ^^^^^^^^^^^^^^^^^^^^^^^^^^^^^^
  File "E:\Attendence\v2-30-06-2026\copy  form server v2\production\.venv\Lib\site-packages\django\template\base.py", line 1052, in render_annotated
    return self.render(context)
           ^^^^^^^^^^^^^^^^^^^^
  File "E:\Attendence\v2-30-06-2026\copy  form server v2\production\.venv\Lib\site-packages\django\template\loader_tags.py", line 66, in render
    result = block.nodelist.render(context)
             ^^^^^^^^^^^^^^^^^^^^^^^^^^^^^^
  File "E:\Attendence\v2-30-06-2026\copy  form server v2\production\.venv\Lib\site-packages\django\template\base.py", line 1091, in render
    return SafeString("".join([node.render_annotated(context) for node in self]))
                               ^^^^^^^^^^^^^^^^^^^^^^^^^^^^^^
  File "E:\Attendence\v2-30-06-2026\copy  form server v2\production\.venv\Lib\site-packages\django\template\base.py", line 1052, in render_annotated
    return self.render(context)
           ^^^^^^^^^^^^^^^^^^^^
  File "E:\Attendence\v2-30-06-2026\copy  form server v2\production\.venv\Lib\site-packages\django\template\defaulttags.py", line 511, in render
    url = reverse(view_name, args=args, kwargs=kwargs, current_app=current_app)
          ^^^^^^^^^^^^^^^^^^^^^^^^^^^^^^^^^^^^^^^^^^^^^^^^^^^^^^^^^^^^^^^^^^^^^
  File "E:\Attendence\v2-30-06-2026\copy  form server v2\production\.venv\Lib\site-packages\django\urls\base.py", line 98, in reverse
    resolved_url = resolver._reverse_with_prefix(view, prefix, *args, **kwargs)
                   ^^^^^^^^^^^^^^^^^^^^^^^^^^^^^^^^^^^^^^^^^^^^^^^^^^^^^^^^^^^^
  File "E:\Attendence\v2-30-06-2026\copy  form server v2\production\.venv\Lib\site-packages\django\urls\resolvers.py", line 842, in _reverse_with_prefix
    raise NoReverseMatch(msg)
django.urls.exceptions.NoReverseMatch: Reverse for 'admin_report_detail' with arguments '('',)' not found. 1 pattern(s) tried: ['reports/admin/(?P<pk>[0-9]+)/\\Z']
ERROR 2026-07-15 12:03:49,524 log 20348 25408 "GET /reports/admin/1/edit/ HTTP/1.1" 500 170785
INFO 2026-07-15 12:06:58,472 log 20348 23052 "GET /notifications/ HTTP/1.1" 200 8548
INFO 2026-07-15 12:07:00,029 log 20348 23052 "GET /reports/submit/ HTTP/1.1" 302 0
INFO 2026-07-15 12:07:00,040 log 20348 23052 "GET /reports/history/ HTTP/1.1" 200 11075
INFO 2026-07-15 12:07:00,868 log 20348 23052 "GET /reports/history/ HTTP/1.1" 200 10547
INFO 2026-07-15 12:07:02,841 log 20348 23052 "GET /reports/1/ HTTP/1.1" 200 10884
INFO 2026-07-15 12:28:52,229 autoreload 20348 9268 E:\Attendence\v2-30-06-2026\copy  form server v2\production\apps\reports\views.py changed, reloading.
INFO 2026-07-15 12:28:52,978 autoreload 13664 18860 Watching for file changes with StatReloader
INFO 2026-07-15 12:29:08,680 log 13664 15304 "GET /reports/admin/1/edit/ HTTP/1.1" 200 15387
INFO 2026-07-15 12:29:11,716 log 13664 15304 "GET /reports/admin/ HTTP/1.1" 200 14320
INFO 2026-07-15 12:29:19,128 log 13664 15304 "GET /reports/admin/ HTTP/1.1" 200 14320
INFO 2026-07-15 12:29:24,070 log 13664 15304 "GET /reports/admin/1/ HTTP/1.1" 200 12246
INFO 2026-07-15 12:29:24,966 log 13664 15304 "GET /reports/admin/1/edit/ HTTP/1.1" 200 15387
INFO 2026-07-15 12:29:55,664 log 13664 15304 "POST /reports/admin/1/edit/ HTTP/1.1" 302 0
INFO 2026-07-15 12:29:55,706 log 13664 15304 "GET /reports/admin/1/ HTTP/1.1" 200 13405
INFO 2026-07-15 12:29:58,254 log 13664 15304 "GET /reports/admin/ HTTP/1.1" 200 14326
INFO 2026-07-15 12:30:07,558 log 13664 15304 "GET /reports/admin/ HTTP/1.1" 200 14326
INFO 2026-07-15 12:30:09,946 log 13664 15304 "GET /reports/admin/1/ HTTP/1.1" 200 12904
INFO 2026-07-15 12:30:16,221 log 13664 15304 "GET /core/activity-log/ HTTP/1.1" 200 16858
INFO 2026-07-15 12:32:02,862 log 13664 15304 "GET /core/activity-log/?user=&action=LOGIN HTTP/1.1" 200 12053
INFO 2026-07-15 12:32:05,120 log 13664 15304 "GET /core/activity-log/?user=&action=REPORT_UPDATED HTTP/1.1" 200 12071
INFO 2026-07-15 12:32:08,013 log 13664 15304 "GET /core/activity-log/?user=&action=EMPLOYEE_EDITED HTTP/1.1" 200 11061
INFO 2026-07-15 12:32:11,468 log 13664 15304 "GET /core/activity-log/?user=&action=EXPORT HTTP/1.1" 200 11061
INFO 2026-07-15 12:32:16,270 log 13664 15304 "GET /core/activity-log/?user=&action=EMPLOYEE_ADDED HTTP/1.1" 200 12055
